Start testing: Feb 07 15:31 CET
----------------------------------------------------------
1/4 Testing: SumTest.PositiveNumbers
1/4 Test: SumTest.PositiveNumbers
Command: "/home/fpsdr/projects/projectSetup/build/hello_test" "--gtest_filter=SumTest.PositiveNumbers" "--gtest_also_run_disabled_tests"
Directory: /home/fpsdr/projects/projectSetup/build
"SumTest.PositiveNumbers" start time: Feb 07 15:31 CET
Output:
----------------------------------------------------------
Running main() from /home/fpsdr/projects/projectSetup/build/_deps/googletest-src/googletest/src/gtest_main.cc
Note: Google Test filter = SumTest.PositiveNumbers
[==========] Running 1 test from 1 test suite.
[----------] Global test environment set-up.
[----------] 1 test from SumTest
[ RUN      ] SumTest.PositiveNumbers
[       OK ] SumTest.PositiveNumbers (0 ms)
[----------] 1 test from SumTest (0 ms total)

[----------] Global test environment tear-down
[==========] 1 test from 1 test suite ran. (0 ms total)
[  PASSED  ] 1 test.
<end of output>
Test time =   0.01 sec
----------------------------------------------------------
Test Passed.
"SumTest.PositiveNumbers" end time: Feb 07 15:31 CET
"SumTest.PositiveNumbers" time elapsed: 00:00:00
----------------------------------------------------------

2/4 Testing: SumTest.NegativeNumbers
2/4 Test: SumTest.NegativeNumbers
Command: "/home/fpsdr/projects/projectSetup/build/hello_test" "--gtest_filter=SumTest.NegativeNumbers" "--gtest_also_run_disabled_tests"
Directory: /home/fpsdr/projects/projectSetup/build
"SumTest.NegativeNumbers" start time: Feb 07 15:31 CET
Output:
----------------------------------------------------------
Running main() from /home/fpsdr/projects/projectSetup/build/_deps/googletest-src/googletest/src/gtest_main.cc
Note: Google Test filter = SumTest.NegativeNumbers
[==========] Running 1 test from 1 test suite.
[----------] Global test environment set-up.
[----------] 1 test from SumTest
[ RUN      ] SumTest.NegativeNumbers
[       OK ] SumTest.NegativeNumbers (0 ms)
[----------] 1 test from SumTest (0 ms total)

[----------] Global test environment tear-down
[==========] 1 test from 1 test suite ran. (0 ms total)
[  PASSED  ] 1 test.
<end of output>
Test time =   0.00 sec
----------------------------------------------------------
Test Passed.
"SumTest.NegativeNumbers" end time: Feb 07 15:31 CET
"SumTest.NegativeNumbers" time elapsed: 00:00:00
----------------------------------------------------------

3/4 Testing: SumTest.MixedNumbers
3/4 Test: SumTest.MixedNumbers
Command: "/home/fpsdr/projects/projectSetup/build/hello_test" "--gtest_filter=SumTest.MixedNumbers" "--gtest_also_run_disabled_tests"
Directory: /home/fpsdr/projects/projectSetup/build
"SumTest.MixedNumbers" start time: Feb 07 15:31 CET
Output:
----------------------------------------------------------
Running main() from /home/fpsdr/projects/projectSetup/build/_deps/googletest-src/googletest/src/gtest_main.cc
Note: Google Test filter = SumTest.MixedNumbers
[==========] Running 1 test from 1 test suite.
[----------] Global test environment set-up.
[----------] 1 test from SumTest
[ RUN      ] SumTest.MixedNumbers
[       OK ] SumTest.MixedNumbers (0 ms)
[----------] 1 test from SumTest (0 ms total)

[----------] Global test environment tear-down
[==========] 1 test from 1 test suite ran. (0 ms total)
[  PASSED  ] 1 test.
<end of output>
Test time =   0.00 sec
----------------------------------------------------------
Test Passed.
"SumTest.MixedNumbers" end time: Feb 07 15:31 CET
"SumTest.MixedNumbers" time elapsed: 00:00:00
----------------------------------------------------------

4/4 Testing: SumTest.EmptyVector
4/4 Test: SumTest.EmptyVector
Command: "/home/fpsdr/projects/projectSetup/build/hello_test" "--gtest_filter=SumTest.EmptyVector" "--gtest_also_run_disabled_tests"
Directory: /home/fpsdr/projects/projectSetup/build
"SumTest.EmptyVector" start time: Feb 07 15:31 CET
Output:
----------------------------------------------------------
Running main() from /home/fpsdr/projects/projectSetup/build/_deps/googletest-src/googletest/src/gtest_main.cc
Note: Google Test filter = SumTest.EmptyVector
[==========] Running 1 test from 1 test suite.
[----------] Global test environment set-up.
[----------] 1 test from SumTest
[ RUN      ] SumTest.EmptyVector
[       OK ] SumTest.EmptyVector (0 ms)
[----------] 1 test from SumTest (0 ms total)

[----------] Global test environment tear-down
[==========] 1 test from 1 test suite ran. (0 ms total)
[  PASSED  ] 1 test.
<end of output>
Test time =   0.00 sec
----------------------------------------------------------
Test Passed.
"SumTest.EmptyVector" end time: Feb 07 15:31 CET
"SumTest.EmptyVector" time elapsed: 00:00:00
----------------------------------------------------------

End testing: Feb 07 15:31 CET
